Start logging at 20.10.2022 15:35:57
################# System information #################
Linux 5.10.0.19 (64-bit)
.NET Core 

################# Program information ################
Aaru 5.3.1+a175d01f
Running in 64-bit
Running as superuser: No
Command line: /usr/share/aaru/aaru.dll media dump /dev/sr0 Image.iso -f

################# Device information #################
Manufacturer: ASUS
Model: SDRW-08D2S-U
Firmware revision: B912
Serial number: 3734508360 416942501267
Removable device: True
Device type: ATAPI
CompactFlash device: False
PCMCIA device: False
USB device: True
USB manufacturer: USB2.0 External
USB product: Mass Storage Device
USB serial: 60 416942501267
USB vendor ID: 1C6Bh
USB product ID: A223h
FireWire device: False
######################################################

################ Dumping progress log ################
2022-10-20T15:35:57 Output image format: Raw Disk Image.
2022-10-20T15:35:57 Device not in database, please create a device report and attach it to a Github issue.
2022-10-20T15:35:57 Device reports current profile is 0x0008
2022-10-20T15:35:57 Reading full TOC
2022-10-20T15:35:57 Building track map...
2022-10-20T15:35:57 Checking if drive supports PQ subchannel reading...
2022-10-20T15:35:58 Checking if drive supports full raw subchannel reading...
2022-10-20T15:35:58 Output format does not support subchannels, continuing...
2022-10-20T15:35:58 Full raw subchannel reading supported...
2022-10-20T15:35:58 Drive returns subchannel in BCD...
2022-10-20T15:35:58 Calculating pregaps, can take some time...
2022-10-20T15:35:59 Output format does not support storing raw data, this may end in a loss of data, continuing...
2022-10-20T15:35:59 Reading ATIP
2022-10-20T15:35:59 Reading Disc Information
2022-10-20T15:35:59 Reading PMA
2022-10-20T15:35:59 Reading Session Information
2022-10-20T15:35:59 Reading CD-Text from Lead-In
2022-10-20T15:36:06 Detecting disc type...
2022-10-20T15:36:07 Checking mode for track 1...
2022-10-20T15:36:07 Track 1 is MODE1
2022-10-20T15:36:07 Reading 32 sectors at a time.
2022-10-20T15:36:07 Device reports 55536 blocks (135952128 bytes).
2022-10-20T15:36:07 Device can read 32 blocks at a time.
2022-10-20T15:36:07 Device reports 2448 bytes per logical block.
2022-10-20T15:36:07 SCSI device type: MultiMediaDevice.
2022-10-20T15:36:07 Media identified as CDROM.
2022-10-20T15:36:07 Creating subchannel log in Image.sub.log
2022-10-20T15:36:07 Setting flags for track 1...
2022-10-20T15:36:07 No audio tracks, disabling offset fix.
2022-10-20T15:36:07 Drive reading offset not found in database.
2022-10-20T15:36:07 Disc offset cannot be calculated.
2022-10-20T15:36:07 Setting speed to MAX for data reading.
2022-10-20T15:36:07 Setting index 1 for track 1 to LBA 0.
2022-10-20T15:37:11 Dump finished in 63.9747744 seconds.
2022-10-20T15:37:11 Average dump speed 2130.324 KiB/sec.
2022-10-20T15:37:11 Average write speed 118203.527 KiB/sec.
2022-10-20T15:37:11 Closing output file.
2022-10-20T15:37:11 Creating sidecar.
2022-10-20T15:37:18 Sidecar created in 7.4623141 seconds.
2022-10-20T15:37:18 Average checksum speed 17791.819 KiB/sec.
2022-10-20T15:37:18 Found filesystem ISO9660 at sector 0
######################################################
End logging at 20.10.2022 15:37:18
